{"/Users/remy/Downloads/Working/Defis_Turing/js/common_functions.js": {"path":"/Users/remy/Downloads/Working/Defis_Turing/js/common_functions.js","statementMap":{"0":{"start":{"line":1,"column":28},"end":{"line":5,"column":1}},"1":{"start":{"line":2,"column":2},"end":{"line":4,"column":4}},"2":{"start":{"line":3,"column":38},"end":{"line":3,"column":67}}},"fnMap":{"0":{"name":"(anonymous_0)","decl":{"start":{"line":1,"column":28},"end":{"line":1,"column":29}},"loc":{"start":{"line":1,"column":39},"end":{"line":5,"column":1}},"line":1},"1":{"name":"(anonymous_1)","decl":{"start":{"line":3,"column":4},"end":{"line":3,"column":5}},"loc":{"start":{"line":3,"column":38},"end":{"line":3,"column":67}},"line":3}},"branchMap":{},"s":{"0":3,"1":3,"2":655},"f":{"0":3,"1":655},"b":{},"_coverageSchema":"1a1c01bbd47fc00a2c39e90264f33305004495a9","hash":"6d46092970b94e6e263c3d42e1060fd256b7d5f8"}
,"/Users/remy/Downloads/Working/Defis_Turing/js/turing/turing_1.js": {"path":"/Users/remy/Downloads/Working/Defis_Turing/js/turing/turing_1.js","statementMap":{"0":{"start":{"line":16,"column":25},"end":{"line":22,"column":1}},"1":{"start":{"line":17,"column":2},"end":{"line":21,"column":3}},"2":{"start":{"line":18,"column":4},"end":{"line":18,"column":16}},"3":{"start":{"line":20,"column":4},"end":{"line":20,"column":17}},"4":{"start":{"line":31,"column":26},"end":{"line":37,"column":1}},"5":{"start":{"line":32,"column":2},"end":{"line":36,"column":3}},"6":{"start":{"line":33,"column":4},"end":{"line":33,"column":16}},"7":{"start":{"line":35,"column":4},"end":{"line":35,"column":17}},"8":{"start":{"line":48,"column":27},"end":{"line":56,"column":1}},"9":{"start":{"line":49,"column":24},"end":{"line":49,"column":26}},"10":{"start":{"line":50,"column":2},"end":{"line":54,"column":3}},"11":{"start":{"line":50,"column":15},"end":{"line":50,"column":16}},"12":{"start":{"line":51,"column":4},"end":{"line":53,"column":5}},"13":{"start":{"line":52,"column":6},"end":{"line":52,"column":30}},"14":{"start":{"line":55,"column":2},"end":{"line":55,"column":25}},"15":{"start":{"line":67,"column":26},"end":{"line":69,"column":1}},"16":{"start":{"line":68,"column":2},"end":{"line":68,"column":63}}},"fnMap":{"0":{"name":"(anonymous_0)","decl":{"start":{"line":16,"column":25},"end":{"line":16,"column":26}},"loc":{"start":{"line":16,"column":43},"end":{"line":22,"column":1}},"line":16},"1":{"name":"(anonymous_1)","decl":{"start":{"line":31,"column":26},"end":{"line":31,"column":27}},"loc":{"start":{"line":31,"column":44},"end":{"line":37,"column":1}},"line":31},"2":{"name":"(anonymous_2)","decl":{"start":{"line":48,"column":27},"end":{"line":48,"column":28}},"loc":{"start":{"line":48,"column":45},"end":{"line":56,"column":1}},"line":48},"3":{"name":"(anonymous_3)","decl":{"start":{"line":67,"column":26},"end":{"line":67,"column":27}},"loc":{"start":{"line":67,"column":44},"end":{"line":69,"column":1}},"line":67}},"branchMap":{"0":{"loc":{"start":{"line":17,"column":2},"end":{"line":21,"column":3}},"type":"if","locations":[{"start":{"line":17,"column":2},"end":{"line":21,"column":3}},{"start":{"line":19,"column":9},"end":{"line":21,"column":3}}],"line":17},"1":{"loc":{"start":{"line":32,"column":2},"end":{"line":36,"column":3}},"type":"if","locations":[{"start":{"line":32,"column":2},"end":{"line":36,"column":3}},{"start":{"line":34,"column":9},"end":{"line":36,"column":3}}],"line":32},"2":{"loc":{"start":{"line":51,"column":4},"end":{"line":53,"column":5}},"type":"if","locations":[{"start":{"line":51,"column":4},"end":{"line":53,"column":5}},{"start":{},"end":{}}],"line":51},"3":{"loc":{"start":{"line":51,"column":8},"end":{"line":51,"column":51}},"type":"binary-expr","locations":[{"start":{"line":51,"column":8},"end":{"line":51,"column":27}},{"start":{"line":51,"column":31},"end":{"line":51,"column":51}}],"line":51}},"s":{"0":1,"1":2045,"2":410,"3":1635,"4":1,"5":1636,"6":235,"7":1401,"8":1,"9":2,"10":2,"11":2,"12":2043,"13":643,"14":2,"15":1,"16":1},"f":{"0":2045,"1":1636,"2":2,"3":1},"b":{"0":[410,1635],"1":[235,1401],"2":[643,1400],"3":[2043,1634]},"_coverageSchema":"1a1c01bbd47fc00a2c39e90264f33305004495a9","hash":"eeb885e2f3e33d905b0a7035bce1a8a57358f762"}
,"/Users/remy/Downloads/Working/Defis_Turing/js/turing/turing_2.js": {"path":"/Users/remy/Downloads/Working/Defis_Turing/js/turing/turing_2.js","statementMap":{"0":{"start":{"line":9,"column":29},"end":{"line":19,"column":1}},"1":{"start":{"line":10,"column":17},"end":{"line":10,"column":23}},"2":{"start":{"line":11,"column":10},"end":{"line":11,"column":25}},"3":{"start":{"line":12,"column":17},"end":{"line":12,"column":50}},"4":{"start":{"line":13,"column":2},"end":{"line":17,"column":3}},"5":{"start":{"line":14,"column":4},"end":{"line":14,"column":28}},"6":{"start":{"line":15,"column":4},"end":{"line":15,"column":24}},"7":{"start":{"line":16,"column":4},"end":{"line":16,"column":49}},"8":{"start":{"line":18,"column":2},"end":{"line":18,"column":18}},"9":{"start":{"line":21,"column":36},"end":{"line":23,"column":1}},"10":{"start":{"line":22,"column":2},"end":{"line":22,"column":43}},"11":{"start":{"line":22,"column":29},"end":{"line":22,"column":41}},"12":{"start":{"line":25,"column":46},"end":{"line":29,"column":1}},"13":{"start":{"line":26,"column":2},"end":{"line":28,"column":4}}},"fnMap":{"0":{"name":"(anonymous_0)","decl":{"start":{"line":9,"column":29},"end":{"line":9,"column":30}},"loc":{"start":{"line":9,"column":47},"end":{"line":19,"column":1}},"line":9},"1":{"name":"(anonymous_1)","decl":{"start":{"line":21,"column":36},"end":{"line":21,"column":37}},"loc":{"start":{"line":21,"column":46},"end":{"line":23,"column":1}},"line":21},"2":{"name":"(anonymous_2)","decl":{"start":{"line":22,"column":21},"end":{"line":22,"column":22}},"loc":{"start":{"line":22,"column":29},"end":{"line":22,"column":41}},"line":22},"3":{"name":"(anonymous_3)","decl":{"start":{"line":25,"column":46},"end":{"line":25,"column":47}},"loc":{"start":{"line":25,"column":64},"end":{"line":29,"column":1}},"line":25}},"branchMap":{},"s":{"0":1,"1":2,"2":2,"3":2,"4":2,"5":42,"6":42,"7":42,"8":2,"9":1,"10":2,"11":46,"12":1,"13":1},"f":{"0":2,"1":2,"2":46,"3":1},"b":{},"_coverageSchema":"1a1c01bbd47fc00a2c39e90264f33305004495a9","hash":"aa1520306b22f7aa1e73e72757ebba0ef8e90183"}
}
