{"/Users/remy/Downloads/Working/Defis_Turing/js/arithmetic/fibonacci_sequence.js": {"path":"/Users/remy/Downloads/Working/Defis_Turing/js/arithmetic/fibonacci_sequence.js","statementMap":{"0":{"start":{"line":14,"column":29},"end":{"line":30,"column":1}},"1":{"start":{"line":16,"column":17},"end":{"line":16,"column":23}},"2":{"start":{"line":17,"column":10},"end":{"line":17,"column":25}},"3":{"start":{"line":19,"column":17},"end":{"line":19,"column":50}},"4":{"start":{"line":21,"column":2},"end":{"line":28,"column":3}},"5":{"start":{"line":23,"column":4},"end":{"line":23,"column":28}},"6":{"start":{"line":25,"column":4},"end":{"line":25,"column":24}},"7":{"start":{"line":27,"column":4},"end":{"line":27,"column":49}},"8":{"start":{"line":29,"column":2},"end":{"line":29,"column":18}}},"fnMap":{"0":{"name":"(anonymous_0)","decl":{"start":{"line":14,"column":29},"end":{"line":14,"column":30}},"loc":{"start":{"line":14,"column":47},"end":{"line":30,"column":1}},"line":14}},"branchMap":{},"s":{"0":1,"1":1,"2":1,"3":1,"4":1,"5":10,"6":10,"7":10,"8":1},"f":{"0":1},"b":{},"_coverageSchema":"1a1c01bbd47fc00a2c39e90264f33305004495a9","hash":"2a9f4b2d1ab6ce29e301a517b2feed7ced04d57d"}
,"/Users/remy/Downloads/Working/Defis_Turing/js/arithmetic/prime_factors.js": {"path":"/Users/remy/Downloads/Working/Defis_Turing/js/arithmetic/prime_factors.js","statementMap":{"0":{"start":{"line":14,"column":32},"end":{"line":26,"column":1}},"1":{"start":{"line":16,"column":29},"end":{"line":16,"column":31}},"2":{"start":{"line":18,"column":2},"end":{"line":24,"column":3}},"3":{"start":{"line":18,"column":15},"end":{"line":18,"column":16}},"4":{"start":{"line":21,"column":4},"end":{"line":23,"column":5}},"5":{"start":{"line":22,"column":6},"end":{"line":22,"column":35}},"6":{"start":{"line":25,"column":2},"end":{"line":25,"column":30}},"7":{"start":{"line":36,"column":25},"end":{"line":42,"column":1}},"8":{"start":{"line":37,"column":2},"end":{"line":41,"column":3}},"9":{"start":{"line":38,"column":4},"end":{"line":40,"column":5}},"10":{"start":{"line":39,"column":6},"end":{"line":39,"column":25}},"11":{"start":{"line":51,"column":27},"end":{"line":66,"column":1}},"12":{"start":{"line":52,"column":15},"end":{"line":52,"column":41}},"13":{"start":{"line":53,"column":24},"end":{"line":53,"column":26}},"14":{"start":{"line":56,"column":2},"end":{"line":61,"column":3}},"15":{"start":{"line":58,"column":4},"end":{"line":58,"column":56}},"16":{"start":{"line":60,"column":4},"end":{"line":60,"column":34}},"17":{"start":{"line":64,"column":2},"end":{"line":64,"column":26}},"18":{"start":{"line":65,"column":2},"end":{"line":65,"column":25}}},"fnMap":{"0":{"name":"(anonymous_0)","decl":{"start":{"line":14,"column":32},"end":{"line":14,"column":33}},"loc":{"start":{"line":14,"column":39},"end":{"line":26,"column":1}},"line":14},"1":{"name":"(anonymous_1)","decl":{"start":{"line":36,"column":25},"end":{"line":36,"column":26}},"loc":{"start":{"line":36,"column":38},"end":{"line":42,"column":1}},"line":36},"2":{"name":"(anonymous_2)","decl":{"start":{"line":51,"column":27},"end":{"line":51,"column":28}},"loc":{"start":{"line":51,"column":34},"end":{"line":66,"column":1}},"line":51}},"branchMap":{"0":{"loc":{"start":{"line":21,"column":4},"end":{"line":23,"column":5}},"type":"if","locations":[{"start":{"line":21,"column":4},"end":{"line":23,"column":5}},{"start":{},"end":{}}],"line":21},"1":{"loc":{"start":{"line":38,"column":4},"end":{"line":40,"column":5}},"type":"if","locations":[{"start":{"line":38,"column":4},"end":{"line":40,"column":5}},{"start":{},"end":{}}],"line":38}},"s":{"0":1,"1":2,"2":2,"3":2,"4":124,"5":22,"6":2,"7":1,"8":23,"9":37,"10":23,"11":1,"12":1,"13":1,"14":1,"15":7,"16":7,"17":1,"18":1},"f":{"0":2,"1":23,"2":1},"b":{"0":[22,102],"1":[23,14]},"_coverageSchema":"1a1c01bbd47fc00a2c39e90264f33305004495a9","hash":"3159e23a39d5550fc480b4ca4adaa76c4b9ae0c9"}
,"/Users/remy/Downloads/Working/Defis_Turing/js/arithmetic/prime_numbers.js": {"path":"/Users/remy/Downloads/Working/Defis_Turing/js/arithmetic/prime_numbers.js","statementMap":{"0":{"start":{"line":14,"column":22},"end":{"line":25,"column":1}},"1":{"start":{"line":17,"column":2},"end":{"line":21,"column":3}},"2":{"start":{"line":17,"column":15},"end":{"line":17,"column":16}},"3":{"start":{"line":18,"column":4},"end":{"line":20,"column":5}},"4":{"start":{"line":19,"column":6},"end":{"line":19,"column":19}},"5":{"start":{"line":24,"column":2},"end":{"line":24,"column":14}},"6":{"start":{"line":34,"column":27},"end":{"line":42,"column":1}},"7":{"start":{"line":35,"column":24},"end":{"line":35,"column":26}},"8":{"start":{"line":36,"column":2},"end":{"line":40,"column":3}},"9":{"start":{"line":36,"column":15},"end":{"line":36,"column":16}},"10":{"start":{"line":37,"column":4},"end":{"line":39,"column":5}},"11":{"start":{"line":38,"column":6},"end":{"line":38,"column":30}},"12":{"start":{"line":41,"column":2},"end":{"line":41,"column":25}}},"fnMap":{"0":{"name":"(anonymous_0)","decl":{"start":{"line":14,"column":22},"end":{"line":14,"column":23}},"loc":{"start":{"line":14,"column":29},"end":{"line":25,"column":1}},"line":14},"1":{"name":"(anonymous_1)","decl":{"start":{"line":34,"column":27},"end":{"line":34,"column":28}},"loc":{"start":{"line":34,"column":45},"end":{"line":42,"column":1}},"line":34}},"branchMap":{"0":{"loc":{"start":{"line":18,"column":4},"end":{"line":20,"column":5}},"type":"if","locations":[{"start":{"line":18,"column":4},"end":{"line":20,"column":5}},{"start":{},"end":{}}],"line":18},"1":{"loc":{"start":{"line":37,"column":4},"end":{"line":39,"column":5}},"type":"if","locations":[{"start":{"line":37,"column":4},"end":{"line":39,"column":5}},{"start":{},"end":{}}],"line":37}},"s":{"0":1,"1":101,"2":101,"3":242,"4":75,"5":26,"6":1,"7":1,"8":1,"9":1,"10":99,"11":25,"12":1},"f":{"0":101,"1":1},"b":{"0":[75,167],"1":[25,74]},"_coverageSchema":"1a1c01bbd47fc00a2c39e90264f33305004495a9","hash":"00eb90f8e6f8cbba87c45fe9936b2a498fa5eadf"}
}
