TN:
SF:js/arithmetic/fibonacci_sequence.js
FN:14,(anonymous_0)
FNF:1
FNH:1
FNDA:1,(anonymous_0)
DA:14,1
DA:16,1
DA:17,1
DA:19,1
DA:21,1
DA:23,10
DA:25,10
DA:27,10
DA:29,1
LF:9
LH:9
BRF:0
BRH:0
end_of_record
TN:
SF:js/arithmetic/prime_factors.js
FN:14,(anonymous_0)
FN:36,(anonymous_1)
FN:51,(anonymous_2)
FNF:3
FNH:3
FNDA:2,(anonymous_0)
FNDA:23,(anonymous_1)
FNDA:1,(anonymous_2)
DA:14,1
DA:16,2
DA:18,2
DA:21,124
DA:22,22
DA:25,2
DA:36,1
DA:37,23
DA:38,37
DA:39,23
DA:51,1
DA:52,1
DA:53,1
DA:56,1
DA:58,7
DA:60,7
DA:64,1
DA:65,1
LF:18
LH:18
BRDA:21,0,0,22
BRDA:21,0,1,102
BRDA:38,1,0,23
BRDA:38,1,1,14
BRF:4
BRH:4
end_of_record
TN:
SF:js/arithmetic/prime_numbers.js
FN:14,(anonymous_0)
FN:34,(anonymous_1)
FNF:2
FNH:2
FNDA:101,(anonymous_0)
FNDA:1,(anonymous_1)
DA:14,1
DA:17,101
DA:18,242
DA:19,75
DA:24,26
DA:34,1
DA:35,1
DA:36,1
DA:37,99
DA:38,25
DA:41,1
LF:11
LH:11
BRDA:18,0,0,75
BRDA:18,0,1,167
BRDA:37,1,0,25
BRDA:37,1,1,74
BRF:4
BRH:4
end_of_record
