TN:
SF:js/common_functions.js
FN:1,(anonymous_0)
FN:3,(anonymous_1)
FNF:2
FNH:2
FNDA:3,(anonymous_0)
FNDA:655,(anonymous_1)
DA:1,3
DA:2,3
DA:3,655
LF:3
LH:3
BRF:0
BRH:0
end_of_record
TN:
SF:js/turing/turing_1.js
FN:16,(anonymous_0)
FN:31,(anonymous_1)
FN:48,(anonymous_2)
FN:67,(anonymous_3)
FNF:4
FNH:4
FNDA:2045,(anonymous_0)
FNDA:1636,(anonymous_1)
FNDA:2,(anonymous_2)
FNDA:1,(anonymous_3)
DA:16,1
DA:17,2045
DA:18,410
DA:20,1635
DA:31,1
DA:32,1636
DA:33,235
DA:35,1401
DA:48,1
DA:49,2
DA:50,2
DA:51,2043
DA:52,643
DA:55,2
DA:67,1
DA:68,1
LF:16
LH:16
BRDA:17,0,0,410
BRDA:17,0,1,1635
BRDA:32,1,0,235
BRDA:32,1,1,1401
BRDA:51,2,0,643
BRDA:51,2,1,1400
BRDA:51,3,0,2043
BRDA:51,3,1,1634
BRF:8
BRH:8
end_of_record
TN:
SF:js/turing/turing_2.js
FN:9,(anonymous_0)
FN:21,(anonymous_1)
FN:22,(anonymous_2)
FN:25,(anonymous_3)
FNF:4
FNH:4
FNDA:2,(anonymous_0)
FNDA:2,(anonymous_1)
FNDA:46,(anonymous_2)
FNDA:1,(anonymous_3)
DA:9,1
DA:10,2
DA:11,2
DA:12,2
DA:13,2
DA:14,42
DA:15,42
DA:16,42
DA:18,2
DA:21,1
DA:22,46
DA:25,1
DA:26,1
LF:13
LH:13
BRF:0
BRH:0
end_of_record
